09:33:50.228 pxtapp.js:83 menu.pair
09:33:52.364 pxtapp.js:1807 WebUSB: open device
09:33:52.365 pxtapp.js:1807 WebUSB: select configuration
09:33:52.367 pxtapp.js:1807 WebUSB: got 3 interfaces
09:33:52.368 pxtapp.js:1807 WebUSB: claim interface
09:33:52.369 pxtapp.js:1807 WebUSB: device ready
09:33:52.370 pxtapp.js:1807 WebUSB: reconnect
09:33:52.370 pxtapp.js:1807 WebUSB: close device
09:33:52.874 pxtapp.js:1807 WebUSB: got device: Devanarchy DAPBoot DFU Bootloader
09:33:52.874 pxtapp.js:1807 WebUSB: open device
09:33:52.876 pxtapp.js:1807 WebUSB: select configuration
09:33:52.877 pxtapp.js:1807 WebUSB: got 3 interfaces
09:33:52.877 pxtapp.js:1807 WebUSB: claim interface
09:33:52.879 pxtapp.js:1807 WebUSB: device ready
09:33:52.880 pxtapp.js:1803 Device paired! Try downloading now.
09:34:53.491 pxtapp.js:95 editortools.download {view: "computer", collapsed: "false", editor: "blocksArea"} {screen.width: 1440, screen.height: 900, screen.availwidth: 1440, screen.availheight: 821, screen.innerWidth: 1586, …}
09:34:53.492 pxtapp.js:83 compile
09:34:53.492 pxtapp.js:1803 compiling...
09:34:53.493 pxtapp.js:83 simulator.stop
09:34:53.493 pxtapp.js:1803 stop sim (autorun true)
09:34:53.500 pxtapp.js:1803 building: base, core---stm32bluepill, stm32bluepill, Blinky
09:34:53.501 pxtapp.js:1803 Using cached extinfo
09:34:53.501 pxtapp.js:1803 get hex info: 7a84f2d1fea18083e5bbaf0c5ee6cd47f2b5dcbf10d111b665726b95ad5553cc
09:34:53.506 pxtapp.js:1803 cache hit, size=67315
09:34:53.598 pxtapp.js:3 [Violation] 'setTimeout' handler took 66ms
09:34:53.843 pxtapp.js:83 webusb.deploy
09:34:53.844 pxtapp.js:83 hid.deploy
09:34:53.844 pxtapp.js:1803 Downloading...
09:34:53.853 pxtapp.js:1807 HF2: Connected; msgSize 1088B; flash 64kB; application mode
09:34:54.311 pxtapp.js:1807 HF2: Board-ID: STM32F103C8-BluePill-v0 v1.1.3 fSFA
09:34:54.312 pxtapp.js:1807 HF2: reflash
09:34:54.313 pxtapp.js:1807 HF2: Switching into bootloader mode
09:34:55.026 pxtapp.js:1807 HF2: recv error: USB error on device DAPBoot DFU Bootloader (USB IN transfer failed)
09:34:55.330 pxtapp.js:1807 HF2: recv error: A transfer error has occurred.
09:34:55.636 pxtapp.js:1807 HF2: recv error: A transfer error has occurred.
09:34:55.795 pxtapp.js:1803 saving maker-Blinky.uf2
09:34:55.796 pxtapp.js:1803 trigger download
09:34:55.835 pxtapp.js:1807 HF2: recv error: The transfer was cancelled.
09:34:55.939 pxtapp.js:1807 HF2: recv error: The device was disconnected.
09:34:56.138 pxtapp.js:1807 HF2: recv error: The device was disconnected.
09:34:56.243 pxtapp.js:1807 HF2: recv error: The device was disconnected.
09:34:56.439 pxtapp.js:1807 HF2: recv error: The device was disconnected.
09:34:56.544 pxtapp.js:1807 HF2: recv error: The device was disconnected.
09:34:56.740 pxtapp.js:1807 HF2: recv error: The device was disconnected.
09:34:56.846 pxtapp.js:1807 HF2: recv error: The device was disconnected.
09:34:57.042 pxtapp.js:1807 HF2: recv error: The device was disconnected.
09:34:57.148 pxtapp.js:1807 HF2: recv error: The device was disconnected.
09:34:57.344 pxtapp.js:1807 HF2: recv error: The device was disconnected.
09:34:57.450 pxtapp.js:1807 HF2: recv error: The device was disconnected.
09:34:57.648 pxtapp.js:1807 HF2: recv error: The device was disconnected.
09:34:57.753 pxtapp.js:1807 HF2: recv error: The device was disconnected.
09:34:57.950 pxtapp.js:1807 HF2: recv error: The device was disconnected.
09:34:58.055 pxtapp.js:1807 HF2: recv error: The device was disconnected.
09:34:58.252 pxtapp.js:1807 HF2: recv error: The device was disconnected.
09:34:58.360 pxtapp.js:1807 HF2: recv error: The device was disconnected.
09:34:58.554 pxtapp.js:1807 HF2: recv error: The device was disconnected.
09:34:58.664 pxtapp.js:1807 HF2: recv error: The device was disconnected.
09:34:58.857 pxtapp.js:1807 HF2: recv error: The device was disconnected.
09:34:58.967 pxtapp.js:1807 HF2: recv error: The device was disconnected.
09:34:59.161 pxtapp.js:1807 HF2: recv error: The device was disconnected.
09:34:59.271 pxtapp.js:1807 HF2: recv error: The device was disconnected.
09:34:59.465 pxtapp.js:1807 HF2: recv error: The device was disconnected.
09:34:59.573 pxtapp.js:1807 HF2: recv error: The device was disconnected.
09:34:59.767 pxtapp.js:1807 HF2: recv error: The device was disconnected.
09:34:59.875 pxtapp.js:1807 HF2: recv error: The device was disconnected.
09:35:00.070 pxtapp.js:1807 HF2: recv error: The device was disconnected.
09:35:00.178 pxtapp.js:1807 HF2: recv error: The device was disconnected.
09:35:00.373 pxtapp.js:1807 HF2: recv error: The device was disconnected.
09:35:00.482 pxtapp.js:1807 HF2: recv error: The device was disconnected.
09:35:00.677 pxtapp.js:1807 HF2: recv error: The device was disconnected.
09:35:00.784 pxtapp.js:1807 HF2: recv error: The device was disconnected.
09:35:00.981 pxtapp.js:1807 HF2: recv error: The device was disconnected.
09:35:01.086 pxtapp.js:1807 HF2: recv error: The device was disconnected.
09:35:01.283 pxtapp.js:1807 HF2: recv error: The device was disconnected.
09:35:01.389 pxtapp.js:1807 HF2: recv error: The device was disconnected.
09:35:01.585 pxtapp.js:1807 HF2: recv error: The device was disconnected.
09:35:01.691 pxtapp.js:1807 HF2: recv error: The device was disconnected.
09:35:01.888 pxtapp.js:1807 HF2: recv error: The device was disconnected.
09:35:01.996 pxtapp.js:1807 HF2: recv error: The device was disconnected.
09:35:02.190 pxtapp.js:1807 HF2: recv error: The device was disconnected.
09:35:02.299 pxtapp.js:1807 HF2: recv error: The device was disconnected.
09:35:02.492 pxtapp.js:1807 HF2: recv error: The device was disconnected.
09:35:02.602 pxtapp.js:1807 HF2: recv error: The device was disconnected.
09:35:02.797 pxtapp.js:1807 HF2: recv error: The device was disconnected.
09:35:02.904 pxtapp.js:1807 HF2: recv error: The device was disconnected.
09:35:03.100 pxtapp.js:1807 HF2: recv error: The device was disconnected.
09:35:03.207 pxtapp.js:1807 HF2: recv error: The device was disconnected.
09:35:03.402 pxtapp.js:1807 HF2: recv error: The device was disconnected.
09:35:03.510 pxtapp.js:1807 HF2: recv error: The device was disconnected.
09:35:03.704 pxtapp.js:1807 HF2: recv error: The device was disconnected.
09:35:03.812 pxtapp.js:1807 HF2: recv error: The device was disconnected.
09:35:04.006 pxtapp.js:1807 HF2: recv error: The device was disconnected.
09:35:04.116 pxtapp.js:1807 HF2: recv error: The device was disconnected.
09:35:04.310 pxtapp.js:1807 HF2: recv error: The device was disconnected.
09:35:04.418 pxtapp.js:1807 HF2: recv error: The device was disconnected.
09:35:04.615 pxtapp.js:1807 HF2: recv error: The device was disconnected.
09:35:04.721 pxtapp.js:1807 HF2: recv error: The device was disconnected.
09:35:04.917 pxtapp.js:1807 HF2: recv error: The device was disconnected.
09:35:05.023 pxtapp.js:1807 HF2: recv error: The device was disconnected.
09:35:05.220 pxtapp.js:1807 HF2: recv error: The device was disconnected.
09:35:05.328 pxtapp.js:1807 HF2: recv error: The device was disconnected.
09:35:05.522 pxtapp.js:1807 HF2: recv error: The device was disconnected.
09:35:05.633 pxtapp.js:1807 HF2: recv error: The device was disconnected.
09:35:05.826 pxtapp.js:1807 HF2: recv error: The device was disconnected.
09:35:05.935 pxtapp.js:1807 HF2: recv error: The device was disconnected.
09:35:06.128 pxtapp.js:1807 HF2: recv error: The device was disconnected.
09:35:06.236 pxtapp.js:1807 HF2: recv error: The device was disconnected.
09:35:06.433 pxtapp.js:1807 HF2: recv error: The device was disconnected.
09:35:06.538 pxtapp.js:1807 HF2: recv error: The device was disconnected.
09:35:06.735 pxtapp.js:1807 HF2: recv error: The device was disconnected.
09:35:06.841 pxtapp.js:1807 HF2: recv error: The device was disconnected.
09:35:07.037 pxtapp.js:1807 HF2: recv error: The device was disconnected.
09:35:07.144 pxtapp.js:1807 HF2: recv error: The device was disconnected.
09:35:07.340 pxtapp.js:1807 HF2: recv error: The device was disconnected.
09:35:07.449 pxtapp.js:1807 HF2: recv error: The device was disconnected.
09:35:07.642 pxtapp.js:1807 HF2: recv error: The device was disconnected.
09:35:07.752 pxtapp.js:1807 HF2: recv error: The device was disconnected.
09:35:07.945 pxtapp.js:1807 HF2: recv error: The device was disconnected.
09:35:08.054 pxtapp.js:1807 HF2: recv error: The device was disconnected.
09:35:08.249 pxtapp.js:1807 HF2: recv error: The device was disconnected.
09:35:08.356 pxtapp.js:1807 HF2: recv error: The device was disconnected.
09:35:08.551 pxtapp.js:1807 HF2: recv error: The device was disconnected.
09:35:08.659 pxtapp.js:1807 HF2: recv error: The device was disconnected.
09:35:08.853 pxtapp.js:1807 HF2: recv error: The device was disconnected.
09:35:08.962 pxtapp.js:1807 HF2: recv error: The device was disconnected.
09:35:09.156 pxtapp.js:1807 HF2: recv error: The device was disconnected.
09:35:09.265 pxtapp.js:1807 HF2: recv error: The device was disconnected.
09:35:09.458 pxtapp.js:1807 HF2: recv error: The device was disconnected.
09:35:09.568 pxtapp.js:1807 HF2: recv error: The device was disconnected.
09:35:09.761 pxtapp.js:1807 HF2: recv error: The device was disconnected.
09:35:09.871 pxtapp.js:1807 HF2: recv error: The device was disconnected.
09:35:10.064 pxtapp.js:1807 HF2: recv error: The device was disconnected.
09:35:10.174 pxtapp.js:1807 HF2: recv error: The device was disconnected.
09:35:10.366 pxtapp.js:1807 HF2: recv error: The device was disconnected.
09:35:10.476 pxtapp.js:1807 HF2: recv error: The device was disconnected.
09:35:10.668 pxtapp.js:1807 HF2: recv error: The device was disconnected.
09:35:10.778 pxtapp.js:1807 HF2: recv error: The device was disconnected.
09:35:10.970 pxtapp.js:1807 HF2: recv error: The device was disconnected.
09:35:11.082 pxtapp.js:1807 HF2: recv error: The device was disconnected.
09:35:11.272 pxtapp.js:1807 HF2: recv error: The device was disconnected.
09:35:11.384 pxtapp.js:1807 HF2: recv error: The device was disconnected.
09:35:11.574 pxtapp.js:1807 HF2: recv error: The device was disconnected.
09:35:11.687 pxtapp.js:1807 HF2: recv error: The device was disconnected.
09:35:11.877 pxtapp.js:1807 HF2: recv error: The device was disconnected.
09:35:11.989 pxtapp.js:1807 HF2: recv error: The device was disconnected.
09:35:12.180 pxtapp.js:1807 HF2: recv error: The device was disconnected.
09:35:12.292 pxtapp.js:1807 HF2: recv error: The device was disconnected.
09:35:12.484 pxtapp.js:1807 HF2: recv error: The device was disconnected.
09:35:12.595 pxtapp.js:1807 HF2: recv error: The device was disconnected.
09:35:12.786 pxtapp.js:1807 HF2: recv error: The device was disconnected.
09:35:12.900 pxtapp.js:1807 HF2: recv error: The device was disconnected.
09:35:13.089 pxtapp.js:1807 HF2: recv error: The device was disconnected.
09:35:13.202 pxtapp.js:1807 HF2: recv error: The device was disconnected.
09:35:13.391 pxtapp.js:1807 HF2: recv error: The device was disconnected.
09:35:13.505 pxtapp.js:1807 HF2: recv error: The device was disconnected.
09:35:13.693 pxtapp.js:1807 HF2: recv error: The device was disconnected.
09:35:13.808 pxtapp.js:1807 HF2: recv error: The device was disconnected.
09:35:13.996 pxtapp.js:1807 HF2: recv error: The device was disconnected.
09:35:14.110 pxtapp.js:1807 HF2: recv error: The device was disconnected.
09:35:14.301 pxtapp.js:1807 HF2: recv error: The device was disconnected.
09:35:14.414 pxtapp.js:1807 HF2: recv error: The device was disconnected.
09:35:14.603 pxtapp.js:1807 HF2: recv error: The device was disconnected.
09:35:14.717 pxtapp.js:1807 HF2: recv error: The device was disconnected.
09:35:14.906 pxtapp.js:1807 HF2: recv error: The device was disconnected.
09:35:15.020 pxtapp.js:1807 HF2: recv error: The device was disconnected.
09:35:15.209 pxtapp.js:1807 HF2: recv error: The device was disconnected.
09:35:15.323 pxtapp.js:1807 HF2: recv error: The device was disconnected.
09:35:15.513 pxtapp.js:1807 HF2: recv error: The device was disconnected.
09:35:15.627 pxtapp.js:1807 HF2: recv error: The device was disconnected.
09:35:15.817 pxtapp.js:1807 HF2: recv error: The device was disconnected.
09:35:15.929 pxtapp.js:1807 HF2: recv error: The device was disconnected.
09:35:16.119 pxtapp.js:1807 HF2: recv error: The device was disconnected.
09:35:16.233 pxtapp.js:1807 HF2: recv error: The device was disconnected.
09:35:16.421 pxtapp.js:1807 HF2: recv error: The device was disconnected.
09:35:16.535 pxtapp.js:1807 HF2: recv error: The device was disconnected.
09:35:16.723 pxtapp.js:1807 HF2: recv error: The device was disconnected.
09:35:16.837 pxtapp.js:1807 HF2: recv error: The device was disconnected.
09:35:17.026 pxtapp.js:1807 HF2: recv error: The device was disconnected.
09:35:17.140 pxtapp.js:1807 HF2: recv error: The device was disconnected.
09:35:17.329 pxtapp.js:1807 HF2: recv error: The device was disconnected.
09:35:17.442 pxtapp.js:1807 HF2: recv error: The device was disconnected.
09:35:17.631 pxtapp.js:1807 HF2: recv error: The device was disconnected.
09:35:17.746 pxtapp.js:1807 HF2: recv error: The device was disconnected.
09:35:17.935 pxtapp.js:1807 HF2: recv error: The device was disconnected.
09:35:18.050 pxtapp.js:1807 HF2: recv error: The device was disconnected.
09:35:18.237 pxtapp.js:1807 HF2: recv error: The device was disconnected.
09:35:18.353 pxtapp.js:1807 HF2: recv error: The device was disconnected.
09:35:18.539 pxtapp.js:1807 HF2: recv error: The device was disconnected.
09:35:18.656 pxtapp.js:1807 HF2: recv error: The device was disconnected.
09:35:18.842 pxtapp.js:1807 HF2: recv error: The device was disconnected.
09:35:18.959 pxtapp.js:1807 HF2: recv error: The device was disconnected.
09:35:19.144 pxtapp.js:1807 HF2: recv error: The device was disconnected.
09:35:19.261 pxtapp.js:1807 HF2: recv error: The device was disconnected.
09:35:19.446 pxtapp.js:1807 HF2: recv error: The device was disconnected.
09:35:19.563 pxtapp.js:1807 HF2: recv error: The device was disconnected.
09:35:19.748 pxtapp.js:1807 HF2: recv error: The device was disconnected.
09:35:19.867 pxtapp.js:1807 HF2: recv error: The device was disconnected.
09:35:20.053 pxtapp.js:1807 HF2: recv error: The device was disconnected.
09:35:20.170 pxtapp.js:1807 HF2: recv error: The device was disconnected.
09:35:20.356 pxtapp.js:1807 HF2: recv error: The device was disconnected.
09:35:20.473 pxtapp.js:1807 HF2: recv error: The device was disconnected.
09:35:20.659 pxtapp.js:1807 HF2: recv error: The device was disconnected.
09:35:20.776 pxtapp.js:1807 HF2: recv error: The device was disconnected.
09:35:20.961 pxtapp.js:1807 HF2: recv error: The device was disconnected.
09:35:21.078 pxtapp.js:1807 HF2: recv error: The device was disconnected.
09:35:21.264 pxtapp.js:1807 HF2: recv error: The device was disconnected.
09:35:21.383 pxtapp.js:1807 HF2: recv error: The device was disconnected.
09:35:21.569 pxtapp.js:1807 HF2: recv error: The device was disconnected.
09:35:21.687 pxtapp.js:1807 HF2: recv error: The device was disconnected.
09:35:21.871 pxtapp.js:1807 HF2: recv error: The device was disconnected.
09:35:21.991 pxtapp.js:1807 HF2: recv error: The device was disconnected.
09:35:22.174 pxtapp.js:1807 HF2: recv error: The device was disconnected.
09:35:22.293 pxtapp.js:1807 HF2: recv error: The device was disconnected.
09:35:22.477 pxtapp.js:1807 HF2: recv error: The device was disconnected.
09:35:22.597 pxtapp.js:1807 HF2: recv error: The device was disconnected.
09:35:22.779 pxtapp.js:1807 HF2: recv error: The device was disconnected.
09:35:22.901 pxtapp.js:1807 HF2: recv error: The device was disconnected.
09:35:23.084 pxtapp.js:1807 HF2: recv error: The device was disconnected.
09:35:23.204 pxtapp.js:1807 HF2: recv error: The device was disconnected.
09:35:23.387 pxtapp.js:1807 HF2: recv error: The device was disconnected.
09:35:23.507 pxtapp.js:1807 HF2: recv error: The device was disconnected.
09:35:23.691 pxtapp.js:1807 HF2: recv error: The device was disconnected.
09:35:23.810 pxtapp.js:1807 HF2: recv error: The device was disconnected.
09:35:23.993 pxtapp.js:1807 HF2: recv error: The device was disconnected.
09:35:24.114 pxtapp.js:1807 HF2: recv error: The device was disconnected.
09:35:24.295 pxtapp.js:1807 HF2: recv error: The device was disconnected.
09:35:24.419 pxtapp.js:1807 HF2: recv error: The device was disconnected.
09:35:24.599 pxtapp.js:1807 HF2: recv error: The device was disconnected.
09:35:24.721 pxtapp.js:1807 HF2: recv error: The device was disconnected.
09:35:24.904 pxtapp.js:1807 HF2: recv error: The device was disconnected.
09:35:25.023 pxtapp.js:1807 HF2: recv error: The device was disconnected.
09:35:25.208 pxtapp.js:1807 HF2: recv error: The device was disconnected.
09:35:25.325 pxtapp.js:1807 HF2: recv error: The device was disconnected.
09:35:25.510 pxtapp.js:1807 HF2: recv error: The device was disconnected.
09:35:25.628 pxtapp.js:1807 HF2: recv error: The device was disconnected.
09:35:25.812 pxtapp.js:1807 HF2: recv error: The device was disconnected.
09:35:25.931 pxtapp.js:1807 HF2: recv error: The device was disconnected.
09:35:26.116 pxtapp.js:1807 HF2: recv error: The device was disconnected.
09:35:26.235 pxtapp.js:1807 HF2: recv error: The device was disconnected.
09:35:26.419 pxtapp.js:1807 HF2: recv error: The device was disconnected.
09:35:26.537 pxtapp.js:1807 HF2: recv error: The device was disconnected.
09:35:26.722 pxtapp.js:1807 HF2: recv error: The device was disconnected.
09:35:26.841 pxtapp.js:1807 HF2: recv error: The device was disconnected.
09:35:27.025 pxtapp.js:1807 HF2: recv error: The device was disconnected.
09:35:27.143 pxtapp.js:1807 HF2: recv error: The device was disconnected.
09:35:27.328 pxtapp.js:1807 HF2: recv error: The device was disconnected.
09:35:27.445 pxtapp.js:1807 HF2: recv error: The device was disconnected.
09:35:27.632 pxtapp.js:1807 HF2: recv error: The device was disconnected.
09:35:27.750 pxtapp.js:1807 HF2: recv error: The device was disconnected.
09:35:27.937 pxtapp.js:1807 HF2: recv error: The device was disconnected.
09:35:28.053 pxtapp.js:1807 HF2: recv error: The device was disconnected.
09:35:28.239 pxtapp.js:1807 HF2: recv error: The device was disconnected.
09:35:28.356 pxtapp.js:1807 HF2: recv error: The device was disconnected.
09:35:28.541 pxtapp.js:1807 HF2: recv error: The device was disconnected.
09:35:28.658 pxtapp.js:1807 HF2: recv error: The device was disconnected.
09:35:28.843 pxtapp.js:1807 HF2: recv error: The device was disconnected.
09:35:28.960 pxtapp.js:1807 HF2: recv error: The device was disconnected.
09:35:29.145 pxtapp.js:1807 HF2: recv error: The device was disconnected.
09:35:29.262 pxtapp.js:1807 HF2: recv error: The device was disconnected.
09:35:29.448 pxtapp.js:1807 HF2: recv error: The device was disconnected.
09:35:29.567 pxtapp.js:1807 HF2: recv error: The device was disconnected.
09:35:29.753 pxtapp.js:1807 HF2: recv error: The device was disconnected.
09:35:29.870 pxtapp.js:1807 HF2: recv error: The device was disconnected.
09:35:30.055 pxtapp.js:1807 HF2: recv error: The device was disconnected.
09:35:30.172 pxtapp.js:1807 HF2: recv error: The device was disconnected.
09:35:30.357 pxtapp.js:1807 HF2: recv error: The device was disconnected.
09:35:30.474 pxtapp.js:1807 HF2: recv error: The device was disconnected.
09:35:30.659 pxtapp.js:1807 HF2: recv error: The device was disconnected.
09:35:30.777 pxtapp.js:1807 HF2: recv error: The device was disconnected.
09:35:30.961 pxtapp.js:1807 HF2: recv error: The device was disconnected.
09:35:31.080 pxtapp.js:1807 HF2: recv error: The device was disconnected.
09:35:31.264 pxtapp.js:1807 HF2: recv error: The device was disconnected.
09:35:31.384 pxtapp.js:1807 HF2: recv error: The device was disconnected.
09:35:31.566 pxtapp.js:1807 HF2: recv error: The device was disconnected.
09:35:31.687 pxtapp.js:1807 HF2: recv error: The device was disconnected.
09:35:31.870 pxtapp.js:1807 HF2: recv error: The device was disconnected.
09:35:31.989 pxtapp.js:1807 HF2: recv error: The device was disconnected.
09:35:32.172 pxtapp.js:1807 HF2: recv error: The device was disconnected.
09:35:32.292 pxtapp.js:1807 HF2: recv error: The device was disconnected.
09:35:32.474 pxtapp.js:1807 HF2: recv error: The device was disconnected.
09:35:32.594 pxtapp.js:1807 HF2: recv error: The device was disconnected.
09:35:32.777 pxtapp.js:1807 HF2: recv error: The device was disconnected.
09:35:32.896 pxtapp.js:1807 HF2: recv error: The device was disconnected.
09:35:33.079 pxtapp.js:1807 HF2: recv error: The device was disconnected.
09:35:33.199 pxtapp.js:1807 HF2: recv error: The device was disconnected.
09:35:33.383 pxtapp.js:1807 HF2: recv error: The device was disconnected.
09:35:33.504 pxtapp.js:1807 HF2: recv error: The device was disconnected.
09:35:33.687 pxtapp.js:1807 HF2: recv error: The device was disconnected.
09:35:33.806 pxtapp.js:1807 HF2: recv error: The device was disconnected.
09:35:33.990 pxtapp.js:1807 HF2: recv error: The device was disconnected.
09:35:34.109 pxtapp.js:1807 HF2: recv error: The device was disconnected.
09:35:34.293 pxtapp.js:1807 HF2: recv error: The device was disconnected.
09:35:34.412 pxtapp.js:1807 HF2: recv error: The device was disconnected.
09:35:34.595 pxtapp.js:1807 HF2: recv error: The device was disconnected.
09:35:34.716 pxtapp.js:1807 HF2: recv error: The device was disconnected.
09:35:34.898 pxtapp.js:1807 HF2: recv error: The device was disconnected.
09:35:35.020 pxtapp.js:1807 HF2: recv error: The device was disconnected.
09:35:35.202 pxtapp.js:1807 HF2: recv error: The device was disconnected.
09:35:35.323 pxtapp.js:1807 HF2: recv error: The device was disconnected.
09:35:35.505 pxtapp.js:1807 HF2: recv error: The device was disconnected.
09:35:35.626 pxtapp.js:1807 HF2: recv error: The device was disconnected.
09:35:35.806 pxtapp.js:1807 HF2: recv error: The device was disconnected.
09:35:35.930 pxtapp.js:1807 HF2: recv error: The device was disconnected.
09:35:36.109 pxtapp.js:1807 HF2: recv error: The device was disconnected.
09:35:36.234 pxtapp.js:1807 HF2: recv error: The device was disconnected.
09:35:36.412 pxtapp.js:1807 HF2: recv error: The device was disconnected.
09:35:36.538 pxtapp.js:1807 HF2: recv error: The device was disconnected.
09:35:36.716 pxtapp.js:1807 HF2: recv error: The device was disconnected.
09:35:36.841 pxtapp.js:1807 HF2: recv error: The device was disconnected.
09:35:37.021 pxtapp.js:1807 HF2: recv error: The device was disconnected.
09:35:37.144 pxtapp.js:1807 HF2: recv error: The device was disconnected.
09:35:37.324 pxtapp.js:1807 HF2: recv error: The device was disconnected.
09:35:37.446 pxtapp.js:1807 HF2: recv error: The device was disconnected.
09:35:37.626 pxtapp.js:1807 HF2: recv error: The device was disconnected.
09:35:37.748 pxtapp.js:1807 HF2: recv error: The device was disconnected.
09:35:37.929 pxtapp.js:1807 HF2: recv error: The device was disconnected.
09:35:38.051 pxtapp.js:1807 HF2: recv error: The device was disconnected.
09:35:38.231 pxtapp.js:1807 HF2: recv error: The device was disconnected.
09:35:38.354 pxtapp.js:1807 HF2: recv error: The device was disconnected.
09:35:38.534 pxtapp.js:1807 HF2: recv error: The device was disconnected.
09:35:38.657 pxtapp.js:1807 HF2: recv error: The device was disconnected.
09:35:38.838 pxtapp.js:1807 HF2: recv error: The device was disconnected.
09:35:38.959 pxtapp.js:1807 HF2: recv error: The device was disconnected.
09:35:39.140 pxtapp.js:1807 HF2: recv error: The device was disconnected.
09:35:39.261 pxtapp.js:1807 HF2: recv error: The device was disconnected.
09:35:39.443 pxtapp.js:1807 HF2: recv error: The device was disconnected.
09:35:39.563 pxtapp.js:1807 HF2: recv error: The device was disconnected.
09:35:39.745 pxtapp.js:1807 HF2: recv error: The device was disconnected.
09:35:39.868 pxtapp.js:1807 HF2: recv error: The device was disconnected.
09:35:40.048 pxtapp.js:1807 HF2: recv error: The device was disconnected.
09:35:40.171 pxtapp.js:1807 HF2: recv error: The device was disconnected.
09:35:40.351 pxtapp.js:1807 HF2: recv error: The device was disconnected.
09:35:40.473 pxtapp.js:1807 HF2: recv error: The device was disconnected.
09:35:40.655 pxtapp.js:1807 HF2: recv error: The device was disconnected.
09:35:40.776 pxtapp.js:1807 HF2: recv error: The device was disconnected.
09:35:40.958 pxtapp.js:1807 HF2: recv error: The device was disconnected.
09:35:41.079 pxtapp.js:1807 HF2: recv error: The device was disconnected.
09:35:41.261 pxtapp.js:1807 HF2: recv error: The device was disconnected.
09:35:41.381 pxtapp.js:1807 HF2: recv error: The device was disconnected.
09:35:41.563 pxtapp.js:1807 HF2: recv error: The device was disconnected.
09:35:41.686 pxtapp.js:1807 HF2: recv error: The device was disconnected.
09:35:41.868 pxtapp.js:1807 HF2: recv error: The device was disconnected.
09:35:41.989 pxtapp.js:1807 HF2: recv error: The device was disconnected.
09:35:42.172 pxtapp.js:1807 HF2: recv error: The device was disconnected.
09:35:42.291 pxtapp.js:1807 HF2: recv error: The device was disconnected.
09:35:42.474 pxtapp.js:1807 HF2: recv error: The device was disconnected.
09:35:42.593 pxtapp.js:1807 HF2: recv error: The device was disconnected.
09:35:42.776 pxtapp.js:1807 HF2: recv error: The device was disconnected.
09:35:42.895 pxtapp.js:1807 HF2: recv error: The device was disconnected.
09:35:43.079 pxtapp.js:1807 HF2: recv error: The device was disconnected.
09:35:43.197 pxtapp.js:1807 HF2: recv error: The device was disconnected.
09:35:43.381 pxtapp.js:1807 HF2: recv error: The device was disconnected.
09:35:43.501 pxtapp.js:1807 HF2: recv error: The device was disconnected.
09:35:43.686 pxtapp.js:1807 HF2: recv error: The device was disconnected.
09:35:43.806 pxtapp.js:1807 HF2: recv error: The device was disconnected.
09:35:43.989 pxtapp.js:1807 HF2: recv error: The device was disconnected.
09:35:44.108 pxtapp.js:1807 HF2: recv error: The device was disconnected.
09:35:44.292 pxtapp.js:1807 HF2: recv error: The device was disconnected.
09:35:44.411 pxtapp.js:1807 HF2: recv error: The device was disconnected.
09:35:44.595 pxtapp.js:1807 HF2: recv error: The device was disconnected.
09:35:44.713 pxtapp.js:1807 HF2: recv error: The device was disconnected.
09:35:44.899 pxtapp.js:1807 HF2: recv error: The device was disconnected.
09:35:45.016 pxtapp.js:1807 HF2: recv error: The device was disconnected.
09:35:45.204 pxtapp.js:1807 HF2: recv error: The device was disconnected.
09:35:45.318 pxtapp.js:1807 HF2: recv error: The device was disconnected.
09:35:45.506 pxtapp.js:1807 HF2: recv error: The device was disconnected.
09:35:45.624 pxtapp.js:1807 HF2: recv error: The device was disconnected.
09:35:45.808 pxtapp.js:1807 HF2: recv error: The device was disconnected.
09:35:45.927 pxtapp.js:1807 HF2: recv error: The device was disconnected.
09:35:46.110 pxtapp.js:1807 HF2: recv error: The device was disconnected.
09:35:46.229 pxtapp.js:1807 HF2: recv error: The device was disconnected.
09:35:46.413 pxtapp.js:1807 HF2: recv error: The device was disconnected.
09:35:46.531 pxtapp.js:1807 HF2: recv error: The device was disconnected.
09:35:46.715 pxtapp.js:1807 HF2: recv error: The device was disconnected.
09:35:46.835 pxtapp.js:1807 HF2: recv error: The device was disconnected.
09:35:47.020 pxtapp.js:1807 HF2: recv error: The device was disconnected.
09:35:47.139 pxtapp.js:1807 HF2: recv error: The device was disconnected.
09:35:47.324 pxtapp.js:1807 HF2: recv error: The device was disconnected.
09:35:47.442 pxtapp.js:1807 HF2: recv error: The device was disconnected.
09:35:47.627 pxtapp.js:1807 HF2: recv error: The device was disconnected.
09:35:47.744 pxtapp.js:1807 HF2: recv error: The device was disconnected.
09:35:47.931 pxtapp.js:1807 HF2: recv error: The device was disconnected.
09:35:48.047 pxtapp.js:1807 HF2: recv error: The device was disconnected.
09:35:48.235 pxtapp.js:1807 HF2: recv error: The device was disconnected.
09:35:48.349 pxtapp.js:1807 HF2: recv error: The device was disconnected.
09:35:48.539 pxtapp.js:1807 HF2: recv error: The device was disconnected.
09:35:48.654 pxtapp.js:1807 HF2: recv error: The device was disconnected.
09:35:48.841 pxtapp.js:1807 HF2: recv error: The device was disconnected.
09:35:48.956 pxtapp.js:1807 HF2: recv error: The device was disconnected.
09:35:49.144 pxtapp.js:1807 HF2: recv error: The device was disconnected.
09:35:49.259 pxtapp.js:1807 HF2: recv error: The device was disconnected.
09:35:49.446 pxtapp.js:1807 HF2: recv error: The device was disconnected.
09:35:49.562 pxtapp.js:1807 HF2: recv error: The device was disconnected.
09:35:49.748 pxtapp.js:1807 HF2: recv error: The device was disconnected.
09:35:49.864 pxtapp.js:1807 HF2: recv error: The device was disconnected.
09:35:50.052 pxtapp.js:1807 HF2: recv error: The device was disconnected.
09:35:50.167 pxtapp.js:1807 HF2: recv error: The device was disconnected.
09:35:50.356 pxtapp.js:1807 HF2: recv error: The device was disconnected.
09:35:50.470 pxtapp.js:1807 HF2: recv error: The device was disconnected.
09:35:50.659 pxtapp.js:1807 HF2: recv error: The device was disconnected.
09:35:50.773 pxtapp.js:1807 HF2: recv error: The device was disconnected.
09:35:50.962 pxtapp.js:1807 HF2: recv error: The device was disconnected.
09:35:51.076 pxtapp.js:1807 HF2: recv error: The device was disconnected.
09:35:51.264 pxtapp.js:1807 HF2: recv error: The device was disconnected.
09:35:51.378 pxtapp.js:1807 HF2: recv error: The device was disconnected.
09:35:51.568 pxtapp.js:1807 HF2: recv error: The device was disconnected.
09:35:51.681 pxtapp.js:1807 HF2: recv error: The device was disconnected.
09:35:51.873 pxtapp.js:1807 HF2: recv error: The device was disconnected.
09:35:51.983 pxtapp.js:1807 HF2: recv error: The device was disconnected.
09:35:52.176 pxtapp.js:1807 HF2: recv error: The device was disconnected.
09:35:52.287 pxtapp.js:1807 HF2: recv error: The device was disconnected.
09:35:52.478 pxtapp.js:1807 HF2: recv error: The device was disconnected.
09:35:52.591 pxtapp.js:1807 HF2: recv error: The device was disconnected.
09:35:52.781 pxtapp.js:1807 HF2: recv error: The device was disconnected.
09:35:52.895 pxtapp.js:1807 HF2: recv error: The device was disconnected.
09:35:53.085 pxtapp.js:1807 HF2: recv error: The device was disconnected.
09:35:53.198 pxtapp.js:1807 HF2: recv error: The device was disconnected.
09:35:53.390 pxtapp.js:1807 HF2: recv error: The device was disconnected.
09:35:53.499 pxtapp.js:1807 HF2: recv error: The device was disconnected.
09:35:53.692 pxtapp.js:1807 HF2: recv error: The device was disconnected.
09:35:53.804 pxtapp.js:1807 HF2: recv error: The device was disconnected.
09:35:53.995 pxtapp.js:1807 HF2: recv error: The device was disconnected.
09:35:54.108 pxtapp.js:1807 HF2: recv error: The device was disconnected.
09:35:54.297 pxtapp.js:1807 HF2: recv error: The device was disconnected.
09:35:54.411 pxtapp.js:1807 HF2: recv error: The device was disconnected.
09:35:54.600 pxtapp.js:1807 HF2: recv error: The device was disconnected.
09:35:54.713 pxtapp.js:1807 HF2: recv error: The device was disconnected.
09:35:54.905 pxtapp.js:1807 HF2: recv error: The device was disconnected.
09:35:55.015 pxtapp.js:1807 HF2: recv error: The device was disconnected.
09:35:55.207 pxtapp.js:1807 HF2: recv error: The device was disconnected.
09:35:55.319 pxtapp.js:1807 HF2: recv error: The device was disconnected.
09:35:55.509 pxtapp.js:1807 HF2: recv error: The device was disconnected.
09:35:55.623 pxtapp.js:1807 HF2: recv error: The device was disconnected.
09:35:55.811 pxtapp.js:1807 HF2: recv error: The device was disconnected.
09:35:55.925 pxtapp.js:1807 HF2: recv error: The device was disconnected.
09:35:56.113 pxtapp.js:1807 HF2: recv error: The device was disconnected.
09:35:56.229 pxtapp.js:1807 HF2: recv error: The device was disconnected.
09:35:56.415 pxtapp.js:1807 HF2: recv error: The device was disconnected.
09:35:56.531 pxtapp.js:1807 HF2: recv error: The device was disconnected.
09:35:56.720 pxtapp.js:1807 HF2: recv error: The device was disconnected.
09:35:56.835 pxtapp.js:1807 HF2: recv error: The device was disconnected.
09:35:57.024 pxtapp.js:1807 HF2: recv error: The device was disconnected.
09:35:57.139 pxtapp.js:1807 HF2: recv error: The device was disconnected.
09:35:57.327 pxtapp.js:1807 HF2: recv error: The device was disconnected.
09:35:57.441 pxtapp.js:1807 HF2: recv error: The device was disconnected.
09:35:57.629 pxtapp.js:1807 HF2: recv error: The device was disconnected.
09:35:57.743 pxtapp.js:1807 HF2: recv error: The device was disconnected.
09:35:57.932 pxtapp.js:1807 HF2: recv error: The device was disconnected.
09:35:58.046 pxtapp.js:1807 HF2: recv error: The device was disconnected.
09:35:58.234 pxtapp.js:1807 HF2: recv error: The device was disconnected.
09:35:58.348 pxtapp.js:1807 HF2: recv error: The device was disconnected.
09:35:58.537 pxtapp.js:1807 HF2: recv error: The device was disconnected.
09:35:58.652 pxtapp.js:1807 HF2: recv error: The device was disconnected.
09:35:58.840 pxtapp.js:1807 HF2: recv error: The device was disconnected.
09:35:58.957 pxtapp.js:1807 HF2: recv error: The device was disconnected.
09:35:59.143 pxtapp.js:1807 HF2: recv error: The device was disconnected.
09:35:59.259 pxtapp.js:1807 HF2: recv error: The device was disconnected.
09:35:59.446 pxtapp.js:1807 HF2: recv error: The device was disconnected.
09:35:59.561 pxtapp.js:1807 HF2: recv error: The device was disconnected.
09:35:59.748 pxtapp.js:1807 HF2: recv error: The device was disconnected.
09:35:59.863 pxtapp.js:1807 HF2: recv error: The device was disconnected.
09:36:00.050 pxtapp.js:1807 HF2: recv error: The device was disconnected.
09:36:00.165 pxtapp.js:1807 HF2: recv error: The device was disconnected.
09:36:00.354 pxtapp.js:1807 HF2: recv error: The device was disconnected.
09:36:00.468 pxtapp.js:1807 HF2: recv error: The device was disconnected.
09:36:00.658 pxtapp.js:1807 HF2: recv error: The device was disconnected.
09:36:00.773 pxtapp.js:1807 HF2: recv error: The device was disconnected.
09:36:00.961 pxtapp.js:1807 HF2: recv error: The device was disconnected.
09:36:01.075 pxtapp.js:1807 HF2: recv error: The device was disconnected.
09:36:01.263 pxtapp.js:1807 HF2: recv error: The device was disconnected.
09:36:01.378 pxtapp.js:1807 HF2: recv error: The device was disconnected.
09:36:01.565 pxtapp.js:1807 HF2: recv error: The device was disconnected.
09:36:01.681 pxtapp.js:1807 HF2: recv error: The device was disconnected.
09:36:01.870 pxtapp.js:1807 HF2: recv error: The device was disconnected.
09:36:01.983 pxtapp.js:1807 HF2: recv error: The device was disconnected.
09:36:02.175 pxtapp.js:1807 HF2: recv error: The device was disconnected.
09:36:02.288 pxtapp.js:1807 HF2: recv error: The device was disconnected.
09:36:02.478 pxtapp.js:1807 HF2: recv error: The device was disconnected.
09:36:02.591 pxtapp.js:1807 HF2: recv error: The device was disconnected.
09:36:02.781 pxtapp.js:1807 HF2: recv error: The device was disconnected.
09:36:02.894 pxtapp.js:1807 HF2: recv error: The device was disconnected.
09:36:03.083 pxtapp.js:1807 HF2: recv error: The device was disconnected.
09:36:03.197 pxtapp.js:1807 HF2: recv error: The device was disconnected.
09:36:03.385 pxtapp.js:1807 HF2: recv error: The device was disconnected.
09:36:03.500 pxtapp.js:1807 HF2: recv error: The device was disconnected.
09:36:03.690 pxtapp.js:1807 HF2: recv error: The device was disconnected.
09:36:03.804 pxtapp.js:1807 HF2: recv error: The device was disconnected.
09:36:03.993 pxtapp.js:1807 HF2: recv error: The device was disconnected.
09:36:04.108 pxtapp.js:1807 HF2: recv error: The device was disconnected.
09:36:04.296 pxtapp.js:1807 HF2: recv error: The device was disconnected.
09:36:04.410 pxtapp.js:1807 HF2: recv error: The device was disconnected.
09:36:04.598 pxtapp.js:1807 HF2: recv error: The device was disconnected.
09:36:04.713 pxtapp.js:1807 HF2: recv error: The device was disconnected.
09:36:04.901 pxtapp.js:1807 HF2: recv error: The device was disconnected.
09:36:05.016 pxtapp.js:1807 HF2: recv error: The device was disconnected.
09:36:05.205 pxtapp.js:1807 HF2: recv error: The device was disconnected.
09:36:05.321 pxtapp.js:1807 HF2: recv error: The device was disconnected.
09:36:05.509 pxtapp.js:1807 HF2: recv error: The device was disconnected.
09:36:05.624 pxtapp.js:1807 HF2: recv error: The device was disconnected.
09:36:05.811 pxtapp.js:1807 HF2: recv error: The device was disconnected.
09:36:05.927 pxtapp.js:1807 HF2: recv error: The device was disconnected.
09:36:06.114 pxtapp.js:1807 HF2: recv error: The device was disconnected.
09:36:06.230 pxtapp.js:1807 HF2: recv error: The device was disconnected.
09:36:06.416 pxtapp.js:1807 HF2: recv error: The device was disconnected.
09:36:06.532 pxtapp.js:1807 HF2: recv error: The device was disconnected.
09:36:06.719 pxtapp.js:1807 HF2: recv error: The device was disconnected.
09:36:06.835 pxtapp.js:1807 HF2: recv error: The device was disconnected.
09:36:07.023 pxtapp.js:1807 HF2: recv error: The device was disconnected.
09:36:07.140 pxtapp.js:1807 HF2: recv error: The device was disconnected.
09:36:07.327 pxtapp.js:1807 HF2: recv error: The device was disconnected.
09:36:07.442 pxtapp.js:1807 HF2: recv error: The device was disconnected.
09:36:07.631 pxtapp.js:1807 HF2: recv error: The device was disconnected.
09:36:07.745 pxtapp.js:1807 HF2: recv error: The device was disconnected.
09:36:07.933 pxtapp.js:1807 HF2: recv error: The device was disconnected.
09:36:08.047 pxtapp.js:1807 HF2: recv error: The device was disconnected.
09:36:08.236 pxtapp.js:1807 HF2: recv error: The device was disconnected.
09:36:08.349 pxtapp.js:1807 HF2: recv error: The device was disconnected.
09:36:08.539 pxtapp.js:1807 HF2: recv error: The device was disconnected.
09:36:08.652 pxtapp.js:1807 HF2: recv error: The device was disconnected.
09:36:08.843 pxtapp.js:1807 HF2: recv error: The device was disconnected.
09:36:08.956 pxtapp.js:1807 HF2: recv error: The device was disconnected.
09:36:09.146 pxtapp.js:1807 HF2: recv error: The device was disconnected.
09:36:09.260 pxtapp.js:1807 HF2: recv error: The device was disconnected.
09:36:09.449 pxtapp.js:1807 HF2: recv error: The device was disconnected.
09:36:09.562 pxtapp.js:1807 HF2: recv error: The device was disconnected.
09:36:09.751 pxtapp.js:1807 HF2: recv error: The device was disconnected.
09:36:09.865 pxtapp.js:1807 HF2: recv error: The device was disconnected.
09:36:10.056 pxtapp.js:1807 HF2: recv error: The device was disconnected.
09:36:10.168 pxtapp.js:1807 HF2: recv error: The device was disconnected.
09:36:10.359 pxtapp.js:1807 HF2: recv error: The device was disconnected.
09:36:10.470 pxtapp.js:1807 HF2: recv error: The device was disconnected.
09:36:10.662 pxtapp.js:1807 HF2: recv error: The device was disconnected.
09:36:10.775 pxtapp.js:1807 HF2: recv error: The device was disconnected.
09:36:10.965 pxtapp.js:1807 HF2: recv error: The device was disconnected.
09:36:11.077 pxtapp.js:1807 HF2: recv error: The device was disconnected.
09:36:11.268 pxtapp.js:1807 HF2: recv error: The device was disconnected.
09:36:11.380 pxtapp.js:1807 HF2: recv error: The device was disconnected.
09:36:11.573 pxtapp.js:1807 HF2: recv error: The device was disconnected.
09:36:11.683 pxtapp.js:1807 HF2: recv error: The device was disconnected.
09:36:11.876 pxtapp.js:1807 HF2: recv error: The device was disconnected.
09:36:11.986 pxtapp.js:1807 HF2: recv error: The device was disconnected.
09:36:12.179 pxtapp.js:1807 HF2: recv error: The device was disconnected.
09:36:12.288 pxtapp.js:1807 HF2: recv error: The device was disconnected.
09:36:12.482 pxtapp.js:1807 HF2: recv error: The device was disconnected.
09:36:12.593 pxtapp.js:1807 HF2: recv error: The device was disconnected.
09:36:12.784 pxtapp.js:1807 HF2: recv error: The device was disconnected.
09:36:12.895 pxtapp.js:1807 HF2: recv error: The device was disconnected.
09:36:13.089 pxtapp.js:1807 HF2: recv error: The device was disconnected.
09:36:13.198 pxtapp.js:1807 HF2: recv error: The device was disconnected.
09:36:13.393 pxtapp.js:1807 HF2: recv error: The device was disconnected.
09:36:13.501 pxtapp.js:1807 HF2: recv error: The device was disconnected.
09:36:13.696 pxtapp.js:1807 HF2: recv error: The device was disconnected.
09:36:13.805 pxtapp.js:1807 HF2: recv error: The device was disconnected.
09:36:13.999 pxtapp.js:1807 HF2: recv error: The device was disconnected.
09:36:14.109 pxtapp.js:1807 HF2: recv error: The device was disconnected.
09:36:14.301 pxtapp.js:1807 HF2: recv error: The device was disconnected.
09:36:14.411 pxtapp.js:1807 HF2: recv error: The device was disconnected.
09:36:14.606 pxtapp.js:1807 HF2: recv error: The device was disconnected.
09:36:14.715 pxtapp.js:1807 HF2: recv error: The device was disconnected.
09:36:14.909 pxtapp.js:1807 HF2: recv error: The device was disconnected.
09:36:15.017 pxtapp.js:1807 HF2: recv error: The device was disconnected.
09:36:15.212 pxtapp.js:1807 HF2: recv error: The device was disconnected.
09:36:15.321 pxtapp.js:1807 HF2: recv error: The device was disconnected.
09:36:15.515 pxtapp.js:1807 HF2: recv error: The device was disconnected.
09:36:15.625 pxtapp.js:1807 HF2: recv error: The device was disconnected.
09:36:15.817 pxtapp.js:1807 HF2: recv error: The device was disconnected.
09:36:15.928 pxtapp.js:1807 HF2: recv error: The device was disconnected.
09:36:16.121 pxtapp.js:1807 HF2: recv error: The device was disconnected.
09:36:16.231 pxtapp.js:1807 HF2: recv error: The device was disconnected.
09:36:16.426 pxtapp.js:1807 HF2: recv error: The device was disconnected.
09:36:16.535 pxtapp.js:1807 HF2: recv error: The device was disconnected.
09:36:16.728 pxtapp.js:1807 HF2: recv error: The device was disconnected.
09:36:16.837 pxtapp.js:1807 HF2: recv error: The device was disconnected.
09:36:17.031 pxtapp.js:1807 HF2: recv error: The device was disconnected.
09:36:17.142 pxtapp.js:1807 HF2: recv error: The device was disconnected.
09:36:17.334 pxtapp.js:1807 HF2: recv error: The device was disconnected.
09:36:17.445 pxtapp.js:1807 HF2: recv error: The device was disconnected.
09:36:17.637 pxtapp.js:1807 HF2: recv error: The device was disconnected.
09:36:17.748 pxtapp.js:1807 HF2: recv error: The device was disconnected.
09:36:17.939 pxtapp.js:1807 HF2: recv error: The device was disconnected.
09:36:18.051 pxtapp.js:1807 HF2: recv error: The device was disconnected.
09:36:18.243 pxtapp.js:1807 HF2: recv error: The device was disconnected.
09:36:18.355 pxtapp.js:1807 HF2: recv error: The device was disconnected.
09:36:18.546 pxtapp.js:1807 HF2: recv error: The device was disconnected.
09:36:18.660 pxtapp.js:1807 HF2: recv error: The device was disconnected.
09:36:18.848 pxtapp.js:1807 HF2: recv error: The device was disconnected.
09:36:18.961 pxtapp.js:1807 HF2: recv error: The device was disconnected.
09:36:19.151 pxtapp.js:1807 HF2: recv error: The device was disconnected.
09:36:19.264 pxtapp.js:1807 HF2: recv error: The device was disconnected.
09:36:19.455 pxtapp.js:1807 HF2: recv error: The device was disconnected.
09:36:19.566 pxtapp.js:1807 HF2: recv error: The device was disconnected.
09:36:19.759 pxtapp.js:1807 HF2: recv error: The device was disconnected.
09:36:19.869 pxtapp.js:1807 HF2: recv error: The device was disconnected.
09:36:20.062 pxtapp.js:1807 HF2: recv error: The device was disconnected.
09:36:20.173 pxtapp.js:1807 HF2: recv error: The device was disconnected.
09:36:20.364 pxtapp.js:1807 HF2: recv error: The device was disconnected.
09:36:20.477 pxtapp.js:1807 HF2: recv error: The device was disconnected.
09:36:20.666 pxtapp.js:1807 HF2: recv error: The device was disconnected.
09:36:20.779 pxtapp.js:1807 HF2: recv error: The device was disconnected.
09:36:20.968 pxtapp.js:1807 HF2: recv error: The device was disconnected.
09:36:21.081 pxtapp.js:1807 HF2: recv error: The device was disconnected.
09:36:21.270 pxtapp.js:1807 HF2: recv error: The device was disconnected.
09:36:21.384 pxtapp.js:1807 HF2: recv error: The device was disconnected.
09:36:21.573 pxtapp.js:1807 HF2: recv error: The device was disconnected.
09:36:21.685 pxtapp.js:1807 HF2: recv error: The device was disconnected.
09:36:21.877 pxtapp.js:1807 HF2: recv error: The device was disconnected.
09:36:21.989 pxtapp.js:1807 HF2: recv error: The device was disconnected.
09:36:22.179 pxtapp.js:1807 HF2: recv error: The device was disconnected.
09:36:22.294 pxtapp.js:1807 HF2: recv error: The device was disconnected.
09:36:22.482 pxtapp.js:1807 HF2: recv error: The device was disconnected.
09:36:22.597 pxtapp.js:1807 HF2: recv error: The device was disconnected.
09:36:22.784 pxtapp.js:1807 HF2: recv error: The device was disconnected.
09:36:22.900 pxtapp.js:1807 HF2: recv error: The device was disconnected.
09:36:23.087 pxtapp.js:1807 HF2: recv error: The device was disconnected.
09:36:23.203 pxtapp.js:1807 HF2: recv error: The device was disconnected.
09:36:23.391 pxtapp.js:1807 HF2: recv error: The device was disconnected.
09:36:23.504 pxtapp.js:1807 HF2: recv error: The device was disconnected.
09:36:23.694 pxtapp.js:1807 HF2: recv error: The device was disconnected.
09:36:23.808 pxtapp.js:1807 HF2: recv error: The device was disconnected.
09:36:23.997 pxtapp.js:1807 HF2: recv error: The device was disconnected.
09:36:24.112 pxtapp.js:1807 HF2: recv error: The device was disconnected.
09:36:24.299 pxtapp.js:1807 HF2: recv error: The device was disconnected.
09:36:24.415 pxtapp.js:1807 HF2: recv error: The device was disconnected.
09:36:24.601 pxtapp.js:1807 HF2: recv error: The device was disconnected.
09:36:24.717 pxtapp.js:1807 HF2: recv error: The device was disconnected.
09:36:24.903 pxtapp.js:1807 HF2: recv error: The device was disconnected.
09:36:25.020 pxtapp.js:1807 HF2: recv error: The device was disconnected.
09:36:25.208 pxtapp.js:1807 HF2: recv error: The device was disconnected.
09:36:25.324 pxtapp.js:1807 HF2: recv error: The device was disconnected.
09:36:25.511 pxtapp.js:1807 HF2: recv error: The device was disconnected.
09:36:25.628 pxtapp.js:1807 HF2: recv error: The device was disconnected.
09:36:25.814 pxtapp.js:1807 HF2: recv error: The device was disconnected.
09:36:25.930 pxtapp.js:1807 HF2: recv error: The device was disconnected.
09:36:26.117 pxtapp.js:1807 HF2: recv error: The device was disconnected.
09:36:26.233 pxtapp.js:1807 HF2: recv error: The device was disconnected.
09:36:26.419 pxtapp.js:1807 HF2: recv error: The device was disconnected.
09:36:26.536 pxtapp.js:1807 HF2: recv error: The device was disconnected.
09:36:26.724 pxtapp.js:1807 HF2: recv error: The device was disconnected.
09:36:26.840 pxtapp.js:1807 HF2: recv error: The device was disconnected.
09:36:27.028 pxtapp.js:1807 HF2: recv error: The device was disconnected.
09:36:27.145 pxtapp.js:1807 HF2: recv error: The device was disconnected.
09:36:27.331 pxtapp.js:1807 HF2: recv error: The device was disconnected.
09:36:27.448 pxtapp.js:1807 HF2: recv error: The device was disconnected.
09:36:27.634 pxtapp.js:1807 HF2: recv error: The device was disconnected.
09:36:27.750 pxtapp.js:1807 HF2: recv error: The device was disconnected.
09:36:27.936 pxtapp.js:1807 HF2: recv error: The device was disconnected.
09:36:28.053 pxtapp.js:1807 HF2: recv error: The device was disconnected.
09:36:28.240 pxtapp.js:1807 HF2: recv error: The device was disconnected.
09:36:28.355 pxtapp.js:1807 HF2: recv error: The device was disconnected.
09:36:28.543 pxtapp.js:1807 HF2: recv error: The device was disconnected.
09:36:28.661 pxtapp.js:1807 HF2: recv error: The device was disconnected.
09:36:28.846 pxtapp.js:1807 HF2: recv error: The device was disconnected.
09:36:28.963 pxtapp.js:1807 HF2: recv error: The device was disconnected.
09:36:29.150 pxtapp.js:1807 HF2: recv error: The device was disconnected.
09:36:29.266 pxtapp.js:1807 HF2: recv error: The device was disconnected.
09:36:29.453 pxtapp.js:1807 HF2: recv error: The device was disconnected.
09:36:29.569 pxtapp.js:1807 HF2: recv error: The device was disconnected.
09:36:29.755 pxtapp.js:1807 HF2: recv error: The device was disconnected.
09:36:29.872 pxtapp.js:1807 HF2: recv error: The device was disconnected.
09:36:30.059 pxtapp.js:1807 HF2: recv error: The device was disconnected.
09:36:30.176 pxtapp.js:1807 HF2: recv error: The device was disconnected.
09:36:30.362 pxtapp.js:1807 HF2: recv error: The device was disconnected.
09:36:30.479 pxtapp.js:1807 HF2: recv error: The device was disconnected.
09:36:30.665 pxtapp.js:1807 HF2: recv error: The device was disconnected.
09:36:30.781 pxtapp.js:1807 HF2: recv error: The device was disconnected.
09:36:30.968 pxtapp.js:1807 HF2: recv error: The device was disconnected.
09:36:31.084 pxtapp.js:1807 HF2: recv error: The device was disconnected.
09:36:31.271 pxtapp.js:1807 HF2: recv error: The device was disconnected.
09:36:31.387 pxtapp.js:1807 HF2: recv error: The device was disconnected.
09:36:31.573 pxtapp.js:1807 HF2: recv error: The device was disconnected.
09:36:31.688 pxtapp.js:1807 HF2: recv error: The device was disconnected.
09:36:31.878 pxtapp.js:1807 HF2: recv error: The device was disconnected.
09:36:31.991 pxtapp.js:1807 HF2: recv error: The device was disconnected.
09:36:32.180 pxtapp.js:1807 HF2: recv error: The device was disconnected.
09:36:32.296 pxtapp.js:1807 HF2: recv error: The device was disconnected.
09:36:32.483 pxtapp.js:1807 HF2: recv error: The device was disconnected.
09:36:32.598 pxtapp.js:1807 HF2: recv error: The device was disconnected.
09:36:32.785 pxtapp.js:1807 HF2: recv error: The device was disconnected.
09:36:32.901 pxtapp.js:1807 HF2: recv error: The device was disconnected.
09:36:33.087 pxtapp.js:1807 HF2: recv error: The device was disconnected.
09:36:33.204 pxtapp.js:1807 HF2: recv error: The device was disconnected.
09:36:33.389 pxtapp.js:1807 HF2: recv error: The device was disconnected.
09:36:33.508 pxtapp.js:1807 HF2: recv error: The device was disconnected.
09:36:33.694 pxtapp.js:1807 HF2: recv error: The device was disconnected.
09:36:33.812 pxtapp.js:1807 HF2: recv error: The device was disconnected.
09:36:33.997 pxtapp.js:1807 HF2: recv error: The device was disconnected.
09:36:34.114 pxtapp.js:1807 HF2: recv error: The device was disconnected.
09:36:34.301 pxtapp.js:1807 HF2: recv error: The device was disconnected.
09:36:34.417 pxtapp.js:1807 HF2: recv error: The device was disconnected.
09:36:34.604 pxtapp.js:1807 HF2: recv error: The device was disconnected.
09:36:34.719 pxtapp.js:1807 HF2: recv error: The device was disconnected.
09:36:34.908 pxtapp.js:1807 HF2: recv error: The device was disconnected.
09:36:35.024 pxtapp.js:1807 HF2: recv error: The device was disconnected.
09:36:35.213 pxtapp.js:1807 HF2: recv error: The device was disconnected.
09:36:35.328 pxtapp.js:1807 HF2: recv error: The device was disconnected.
09:36:35.515 pxtapp.js:1807 HF2: recv error: The device was disconnected.
09:36:35.630 pxtapp.js:1807 HF2: recv error: The device was disconnected.
09:36:35.819 pxtapp.js:1807 HF2: recv error: The device was disconnected.
09:36:35.933 pxtapp.js:1807 HF2: recv error: The device was disconnected.
09:36:36.120 pxtapp.js:1807 HF2: recv error: The device was disconnected.
09:36:36.236 pxtapp.js:1807 HF2: recv error: The device was disconnected.
09:36:36.423 pxtapp.js:1807 HF2: recv error: The device was disconnected.
09:36:36.541 pxtapp.js:1807 HF2: recv error: The device was disconnected.
09:36:36.728 pxtapp.js:1807 HF2: recv error: The device was disconnected.
09:36:36.845 pxtapp.js:1807 HF2: recv error: The device was disconnected.
09:36:37.031 pxtapp.js:1807 HF2: recv error: The device was disconnected.
09:36:37.147 pxtapp.js:1807 HF2: recv error: The device was disconnected.
09:36:37.334 pxtapp.js:1807 HF2: recv error: The device was disconnected.
09:36:37.449 pxtapp.js:1807 HF2: recv error: The device was disconnected.
09:36:37.636 pxtapp.js:1807 HF2: recv error: The device was disconnected.
09:36:37.752 pxtapp.js:1807 HF2: recv error: The device was disconnected.
09:36:37.939 pxtapp.js:1807 HF2: recv error: The device was disconnected.
09:36:38.054 pxtapp.js:1807 HF2: recv error: The device was disconnected.
09:36:38.242 pxtapp.js:1807 HF2: recv error: The device was disconnected.
09:36:38.357 pxtapp.js:1807 HF2: recv error: The device was disconnected.
09:36:38.546 pxtapp.js:1807 HF2: recv error: The device was disconnected.
09:36:38.660 pxtapp.js:1807 HF2: recv error: The device was disconnected.
09:36:38.848 pxtapp.js:1807 HF2: recv error: The device was disconnected.
09:36:38.963 pxtapp.js:1807 HF2: recv error: The device was disconnected.
09:36:39.150 pxtapp.js:1807 HF2: recv error: The device was disconnected.
09:36:39.265 pxtapp.js:1807 HF2: recv error: The device was disconnected.
09:36:39.453 pxtapp.js:1807 HF2: recv error: The device was disconnected.
09:36:39.568 pxtapp.js:1807 HF2: recv error: The device was disconnected.
09:36:39.755 pxtapp.js:1807 HF2: recv error: The device was disconnected.
09:36:39.870 pxtapp.js:1807 HF2: recv error: The device was disconnected.
09:36:40.058 pxtapp.js:1807 HF2: recv error: The device was disconnected.
09:36:40.172 pxtapp.js:1807 HF2: recv error: The device was disconnected.
09:36:40.362 pxtapp.js:1807 HF2: recv error: The device was disconnected.
09:36:40.475 pxtapp.js:1807 HF2: recv error: The device was disconnected.
09:36:40.664 pxtapp.js:1807 HF2: recv error: The device was disconnected.
09:36:40.779 pxtapp.js:1807 HF2: recv error: The device was disconnected.
09:36:40.966 pxtapp.js:1807 HF2: recv error: The device was disconnected.
09:36:41.081 pxtapp.js:1807 HF2: recv error: The device was disconnected.
09:36:41.268 pxtapp.js:1807 HF2: recv error: The device was disconnected.
09:36:41.383 pxtapp.js:1807 HF2: recv error: The device was disconnected.
09:36:41.571 pxtapp.js:1807 HF2: recv error: The device was disconnected.
09:36:41.686 pxtapp.js:1807 HF2: recv error: The device was disconnected.
09:36:41.874 pxtapp.js:1807 HF2: recv error: The device was disconnected.
09:36:41.989 pxtapp.js:1807 HF2: recv error: The device was disconnected.
09:36:42.176 pxtapp.js:1807 HF2: recv error: The device was disconnected.
09:36:42.291 pxtapp.js:1807 HF2: recv error: The device was disconnected.
09:36:42.480 pxtapp.js:1807 HF2: recv error: The device was disconnected.
09:36:42.594 pxtapp.js:1807 HF2: recv error: The device was disconnected.
09:36:42.782 pxtapp.js:1807 HF2: recv error: The device was disconnected.
09:36:42.897 pxtapp.js:1807 HF2: recv error: The device was disconnected.
09:36:43.084 pxtapp.js:1807 HF2: recv error: The device was disconnected.
09:36:43.200 pxtapp.js:1807 HF2: recv error: The device was disconnected.
09:36:43.387 pxtapp.js:1807 HF2: recv error: The device was disconnected.
09:36:43.502 pxtapp.js:1807 HF2: recv error: The device was disconnected.
09:36:43.690 pxtapp.js:1807 HF2: recv error: The device was disconnected.
09:36:43.805 pxtapp.js:1807 HF2: recv error: The device was disconnected.
09:36:43.992 pxtapp.js:1807 HF2: recv error: The device was disconnected.
09:36:44.107 pxtapp.js:1807 HF2: recv error: The device was disconnected.
09:36:44.297 pxtapp.js:1807 HF2: recv error: The device was disconnected.
09:36:44.409 pxtapp.js:1807 HF2: recv error: The device was disconnected.
09:36:44.599 pxtapp.js:1807 HF2: recv error: The device was disconnected.
09:36:44.713 pxtapp.js:1807 HF2: recv error: The device was disconnected.
09:36:44.900 pxtapp.js:1807 HF2: recv error: The device was disconnected.
09:36:45.016 pxtapp.js:1807 HF2: recv error: The device was disconnected.
09:36:45.202 pxtapp.js:1807 HF2: recv error: The device was disconnected.
09:36:45.319 pxtapp.js:1807 HF2: recv error: The device was disconnected.
09:36:45.505 pxtapp.js:1807 HF2: recv error: The device was disconnected.
09:36:45.621 pxtapp.js:1807 HF2: recv error: The device was disconnected.
09:36:45.807 pxtapp.js:1807 HF2: recv error: The device was disconnected.
09:36:45.924 pxtapp.js:1807 HF2: recv error: The device was disconnected.
09:36:46.109 pxtapp.js:1807 HF2: recv error: The device was disconnected.
09:36:46.227 pxtapp.js:1807 HF2: recv error: The device was disconnected.
09:36:46.414 pxtapp.js:1807 HF2: recv error: The device was disconnected.
09:36:46.530 pxtapp.js:1807 HF2: recv error: The device was disconnected.
09:36:46.716 pxtapp.js:1807 HF2: recv error: The device was disconnected.
09:36:46.832 pxtapp.js:1807 HF2: recv error: The device was disconnected.
09:36:47.018 pxtapp.js:1807 HF2: recv error: The device was disconnected.
09:36:47.134 pxtapp.js:1807 HF2: recv error: The device was disconnected.
09:36:47.320 pxtapp.js:1807 HF2: recv error: The device was disconnected.
09:36:47.436 pxtapp.js:1807 HF2: recv error: The device was disconnected.
09:36:47.622 pxtapp.js:1807 HF2: recv error: The device was disconnected.
09:36:47.738 pxtapp.js:1807 HF2: recv error: The device was disconnected.
09:36:47.924 pxtapp.js:1807 HF2: recv error: The device was disconnected.
09:36:48.041 pxtapp.js:1807 HF2: recv error: The device was disconnected.
09:36:48.227 pxtapp.js:1807 HF2: recv error: The device was disconnected.
09:36:48.344 pxtapp.js:1807 HF2: recv error: The device was disconnected.
09:36:48.530 pxtapp.js:1807 HF2: recv error: The device was disconnected.
09:36:48.647 pxtapp.js:1807 HF2: recv error: The device was disconnected.
09:36:48.832 pxtapp.js:1807 HF2: recv error: The device was disconnected.
09:36:48.949 pxtapp.js:1807 HF2: recv error: The device was disconnected.
09:36:49.135 pxtapp.js:1807 HF2: recv error: The device was disconnected.
09:36:49.251 pxtapp.js:1807 HF2: recv error: The device was disconnected.
09:36:49.438 pxtapp.js:1807 HF2: recv error: The device was disconnected.
09:36:49.554 pxtapp.js:1807 HF2: recv error: The device was disconnected.
09:36:49.742 pxtapp.js:1807 HF2: recv error: The device was disconnected.
09:36:49.856 pxtapp.js:1807 HF2: recv error: The device was disconnected.
09:36:50.046 pxtapp.js:1807 HF2: recv error: The device was disconnected.
09:36:50.161 pxtapp.js:1807 HF2: recv error: The device was disconnected.
09:36:50.349 pxtapp.js:1807 HF2: recv error: The device was disconnected.
09:36:50.465 pxtapp.js:1807 HF2: recv error: The device was disconnected.
09:36:50.652 pxtapp.js:1807 HF2: recv error: The device was disconnected.
09:36:50.768 pxtapp.js:1807 HF2: recv error: The device was disconnected.
09:36:50.955 pxtapp.js:1807 HF2: recv error: The device was disconnected.
09:36:51.070 pxtapp.js:1807 HF2: recv error: The device was disconnected.
09:36:51.257 pxtapp.js:1807 HF2: recv error: The device was disconnected.
09:36:51.374 pxtapp.js:1807 HF2: recv error: The device was disconnected.
09:36:51.562 pxtapp.js:1807 HF2: recv error: The device was disconnected.
09:36:51.679 pxtapp.js:1807 HF2: recv error: The device was disconnected.
09:36:51.866 pxtapp.js:1807 HF2: recv error: The device was disconnected.
09:36:51.982 pxtapp.js:1807 HF2: recv error: The device was disconnected.
09:36:52.168 pxtapp.js:1807 HF2: recv error: The device was disconnected.
09:36:52.285 pxtapp.js:1807 HF2: recv error: The device was disconnected.
09:36:52.470 pxtapp.js:1807 HF2: recv error: The device was disconnected.
09:36:52.587 pxtapp.js:1807 HF2: recv error: The device was disconnected.
09:36:52.774 pxtapp.js:1807 HF2: recv error: The device was disconnected.
09:36:52.890 pxtapp.js:1807 HF2: recv error: The device was disconnected.
09:36:53.077 pxtapp.js:1807 HF2: recv error: The device was disconnected.
09:36:53.192 pxtapp.js:1807 HF2: recv error: The device was disconnected.
09:36:53.381 pxtapp.js:1807 HF2: recv error: The device was disconnected.
09:36:53.495 pxtapp.js:1807 HF2: recv error: The device was disconnected.
09:36:53.683 pxtapp.js:1807 HF2: recv error: The device was disconnected.
09:36:53.799 pxtapp.js:1807 HF2: recv error: The device was disconnected.
09:36:53.987 pxtapp.js:1807 HF2: recv error: The device was disconnected.
09:36:54.100 pxtapp.js:1807 HF2: recv error: The device was disconnected.
09:36:54.289 pxtapp.js:1807 HF2: recv error: The device was disconnected.
09:36:54.403 pxtapp.js:1807 HF2: recv error: The device was disconnected.
09:36:54.591 pxtapp.js:1807 HF2: recv error: The device was disconnected.
09:36:54.706 pxtapp.js:1807 HF2: recv error: The device was disconnected.
09:36:54.894 pxtapp.js:1807 HF2: recv error: The device was disconnected.
09:36:55.008 pxtapp.js:1807 HF2: recv error: The device was disconnected.
09:36:55.198 pxtapp.js:1807 HF2: recv error: The device was disconnected.
09:36:55.311 pxtapp.js:1807 HF2: recv error: The device was disconnected.
09:36:55.501 pxtapp.js:1807 HF2: recv error: The device was disconnected.
09:36:55.616 pxtapp.js:1807 HF2: recv error: The device was disconnected.
09:36:55.804 pxtapp.js:1807 HF2: recv error: The device was disconnected.
09:36:55.919 pxtapp.js:1807 HF2: recv error: The device was disconnected.
09:36:56.106 pxtapp.js:1807 HF2: recv error: The device was disconnected.
09:36:56.222 pxtapp.js:1807 HF2: recv error: The device was disconnected.
09:36:56.408 pxtapp.js:1807 HF2: recv error: The device was disconnected.
09:36:56.526 pxtapp.js:1807 HF2: recv error: The device was disconnected.
09:36:56.713 pxtapp.js:1807 HF2: recv error: The device was disconnected.
09:36:56.829 pxtapp.js:1807 HF2: recv error: The device was disconnected.
09:36:57.016 pxtapp.js:1807 HF2: recv error: The device was disconnected.
09:36:57.134 pxtapp.js:1807 HF2: recv error: The device was disconnected.
09:36:57.319 pxtapp.js:1807 HF2: recv error: The device was disconnected.
09:36:57.436 pxtapp.js:1807 HF2: recv error: The device was disconnected.
09:36:57.622 pxtapp.js:1807 HF2: recv error: The device was disconnected.
09:36:57.740 pxtapp.js:1807 HF2: recv error: The device was disconnected.
09:36:57.925 pxtapp.js:1807 HF2: recv error: The device was disconnected.
09:36:58.042 pxtapp.js:1807 HF2: recv error: The device was disconnected.
09:36:58.231 pxtapp.js:1807 HF2: recv error: The device was disconnected.
09:36:58.345 pxtapp.js:1807 HF2: recv error: The device was disconnected.
09:36:58.534 pxtapp.js:1807 HF2: recv error: The device was disconnected.
09:36:58.650 pxtapp.js:1807 HF2: recv error: The device was disconnected.
09:36:58.839 pxtapp.js:1807 HF2: recv error: The device was disconnected.
09:36:58.952 pxtapp.js:1807 HF2: recv error: The device was disconnected.
09:36:59.141 pxtapp.js:1807 HF2: recv error: The device was disconnected.
09:36:59.255 pxtapp.js:1807 HF2: recv error: The device was disconnected.
09:36:59.444 pxtapp.js:1807 HF2: recv error: The device was disconnected.
09:36:59.561 pxtapp.js:1807 HF2: recv error: The device was disconnected.
09:36:59.746 pxtapp.js:1807 HF2: recv error: The device was disconnected.
09:36:59.863 pxtapp.js:1807 HF2: recv error: The device was disconnected.
09:37:00.049 pxtapp.js:1807 HF2: recv error: The device was disconnected.
09:37:00.165 pxtapp.js:1807 HF2: recv error: The device was disconnected.
09:37:00.351 pxtapp.js:1807 HF2: recv error: The device was disconnected.
09:37:00.467 pxtapp.js:1807 HF2: recv error: The device was disconnected.
09:37:00.654 pxtapp.js:1807 HF2: recv error: The device was disconnected.
09:37:00.771 pxtapp.js:1807 HF2: recv error: The device was disconnected.
09:37:00.957 pxtapp.js:1807 HF2: recv error: The device was disconnected.
09:37:01.074 pxtapp.js:1807 HF2: recv error: The device was disconnected.
09:37:01.260 pxtapp.js:1807 HF2: recv error: The device was disconnected.
09:37:01.376 pxtapp.js:1807 HF2: recv error: The device was disconnected.
09:37:01.565 pxtapp.js:1807 HF2: recv error: The device was disconnected.
09:37:01.679 pxtapp.js:1807 HF2: recv error: The device was disconnected.
09:37:01.867 pxtapp.js:1807 HF2: recv error: The device was disconnected.
09:37:01.983 pxtapp.js:1807 HF2: recv error: The device was disconnected.
09:37:02.170 pxtapp.js:1807 HF2: recv error: The device was disconnected.
09:37:02.285 pxtapp.js:1807 HF2: recv error: The device was disconnected.
09:37:02.473 pxtapp.js:1807 HF2: recv error: The device was disconnected.
09:37:02.587 pxtapp.js:1807 HF2: recv error: The device was disconnected.
09:37:02.775 pxtapp.js:1807 HF2: recv error: The device was disconnected.
09:37:02.891 pxtapp.js:1807 HF2: recv error: The device was disconnected.
09:37:03.079 pxtapp.js:1807 HF2: recv error: The device was disconnected.
09:37:03.193 pxtapp.js:1807 HF2: recv error: The device was disconnected.
09:37:03.383 pxtapp.js:1807 HF2: recv error: The device was disconnected.
09:37:03.495 pxtapp.js:1807 HF2: recv error: The device was disconnected.
09:37:03.685 pxtapp.js:1807 HF2: recv error: The device was disconnected.
09:37:03.798 pxtapp.js:1807 HF2: recv error: The device was disconnected.
09:37:03.988 pxtapp.js:1807 HF2: recv error: The device was disconnected.
09:37:04.102 pxtapp.js:1807 HF2: recv error: The device was disconnected.
09:37:04.291 pxtapp.js:1807 HF2: recv error: The device was disconnected.
09:37:04.407 pxtapp.js:1807 HF2: recv error: The device was disconnected.
09:37:04.593 pxtapp.js:1807 HF2: recv error: The device was disconnected.
09:37:04.710 pxtapp.js:1807 HF2: recv error: The device was disconnected.
09:37:04.900 pxtapp.js:1807 HF2: recv error: The device was disconnected.
09:37:05.014 pxtapp.js:1807 HF2: recv error: The device was disconnected.
09:37:05.203 pxtapp.js:1807 HF2: recv error: The device was disconnected.
09:37:05.316 pxtapp.js:1807 HF2: recv error: The device was disconnected.
09:37:05.507 pxtapp.js:1807 HF2: recv error: The device was disconnected.
09:37:05.619 pxtapp.js:1807 HF2: recv error: The device was disconnected.
